<?xml version="1.0" encoding="UTF-8"?>
<testsuites name="jest tests" tests="1" failures="0" errors="0" time="7.127">
  <testsuite name="JupyterEarthTheme" errors="0" failures="0" skipped="0" timestamp="2024-04-01T20:03:53" time="2.988" tests="1">
    <testcase classname="JupyterEarthTheme should be tested" name="JupyterEarthTheme should be tested" time="0.001">
    </testcase>
  </testsuite>
</testsuites>