<?xml version="1.0" encoding="UTF-8"?>
<testsuites name="jest tests" tests="1" failures="0" errors="0" time="3.541">
  <testsuite name="jupyterlab-rainbow-brackets" errors="0" failures="0" skipped="0" timestamp="2024-03-30T11:47:31" time="3.196" tests="1">
    <testcase classname="jupyterlab-rainbow-brackets should be tested" name="jupyterlab-rainbow-brackets should be tested" time="0.002">
    </testcase>
  </testsuite>
</testsuites>